BB 02 2D 41 00 00 67 00 00 67 01 00 00 8A 22 10 06 22 28 44 00 00 00 00 76 34 1F 64 00 08 E4 FE 00 00 10 46 82 0A 00 00 00 FF FF FF FF 6A 
BB 02 2D 41 00 00 48 00 00 48 01 00 00 89 22 10 06 17 42 38 00 00 00 00 76 34 1F 64 00 08 E5 2E 00 00 10 46 34 0A 00 00 00 FF FF FF FF 2D 
BB 02 2D 41 00 01 25 00 01 25 01 00 00 88 22 10 06 17 40 00 00 00 00 00 76 34 1F 64 00 08 E5 AB 00 00 10 45 09 0A 00 00 00 FF FF FF FF AD 
BB 02 2D 41 00 01 05 00 06 85 06 53 00 87 22 10 06 17 39 05 00 00 00 00 76 34 1F 64 00 08 E8 58 00 00 10 44 04 0A 00 00 00 FF FF FF FF FF 
BB 02 2D 41 00 04 16 00 27 16 06 53 00 86 22 10 06 17 38 00 00 00 00 00 76 34 1F 64 00 08 F2 F4 00 00 10 39 88 0A 00 00 00 FF FF FF FF 19 
BB 02 2D 41 00 01 39 00 09 07 06 53 00 85 22 10 06 17 34 11 00 00 00 00 76 34 1F 64 00 08 F6 7F 00 00 10 38 49 0A 00 00 00 FF FF FF FF 5D 
BB 02 2D 41 00 02 63 00 17 17 06 53 00 84 22 10 06 17 27 58 00 00 00 00 76 34 1F 64 00 08 FD 34 00 00 10 35 86 09 00 00 00 FF FF FF FF D0 
BB 02 2D 41 00 00 52 00 03 39 06 53 00 83 22 10 06 17 26 15 00 00 00 00 76 34 1F 64 00 08 FD 34 00 00 10 35 34 09 00 00 00 FF FF FF FF 20 
BB 02 2D 41 00 00 33 00 02 15 06 53 00 82 22 10 06 17 25 29 00 00 00 00 76 34 1F 64 00 08 FE 0B 00 00 10 35 01 09 00 00 00 FF FF FF FF 5B 
BB 02 2D 41 00 00 70 00 04 57 06 53 00 81 22 10 06 17 45 45 00 00 00 00 76 34 1F 64 00 08 FF D4 00 00 10 34 31 09 00 00 00 FF FF FF FF BC 
BB 02 2D 41 00 09 37 00 61 18 06 53 00 80 22 10 06 17 42 25 00 00 00 00 76 34 1F 64 00 08 FF D4 00 00 10 24 94 04 00 00 00 FF FF FF FF 06 
BB 02 2D 41 00 01 97 00 12 86 06 53 00 7F 22 10 06 17 04 11 00 00 00 00 76 34 1F 64 00 09 04 DA 00 00 10 22 97 09 00 00 00 FF FF FF FF 32 
BB 02 2D 41 00 03 96 00 25 85 06 53 00 7E 22 10 06 17 01 03 00 00 00 00 76 34 1F 64 00 09 0E F3 00 00 10 19 01 01 00 00 00 FF FF FF FF 95 
BB 02 2D 41 00 00 67 00 04 37 06 53 00 7D 22 04 04 19 06 43 00 00 00 00 76 34 1F 64 00 09 10 A8 00 00 10 18 34 87 D6 12 00 FF FF FF FF 9B 
BB 02 2D 41 00 00 34 00 02 22 06 53 00 7C 22 04 04 16 37 26 00 00 00 00 76 34 1F 64 00 09 11 86 00 00 10 18 00 47 F4 10 00 FF FF FF FF 7A 
BB 02 2D 41 00 00 27 00 01 76 06 53 00 7B 22 04 04 16 36 37 00 00 00 00 76 34 1F 64 00 09 12 36 00 00 10 17 73 4E 61 BC 00 FF FF FF FF D6 
BB 02 2D 41 00 01 25 00 08 16 06 53 00 7A 22 04 04 16 35 42 00 00 00 00 76 34 1F 64 00 09 15 66 00 00 10 16 48 47 F4 10 00 FF FF FF FF 96 
BB 02 2D 41 00 01 11 00 07 24 06 53 00 79 22 04 04 16 34 23 00 00 00 00 76 34 1F 64 00 09 18 3A 00 00 10 15 37 10 3E F9 03 FF FF FF FF A6 
BB 02 2D 41 00 01 16 00 07 57 06 53 00 78 22 04 04 16 32 39 00 00 00 00 76 34 1F 64 00 09 1B 2F 00 00 10 14 21 4E 61 BC 00 FF FF FF FF 89 
BB 02 2D 41 00 00 81 00 05 28 06 53 00 77 22 04 04 16 29 30 00 00 00 00 76 34 1F 64 00 09 1D 3F 00 00 10 13 40 0A 00 00 00 FF FF FF FF 96 
BB 02 2D 41 00 01 79 00 11 68 06 53 00 76 22 03 12 22 17 42 00 00 00 00 76 34 1F 64 00 09 21 CF 00 00 10 11 61 0A 00 00 00 FF FF FF FF BC 
BB 02 2D 41 00 02 33 00 15 21 06 53 00 75 22 03 12 21 53 44 00 00 00 00 76 34 1F 64 00 09 27 C0 00 00 10 09 28 0A 00 00 00 FF FF FF FF A2 
BB 02 2D 41 00 18 65 01 21 78 06 53 00 74 20 12 12 21 06 33 76 34 1F 64 D6 BD 22 64 00 00 52 FF 00 00 09 90 63 00 00 00 00 46 88 41 3A A8 
BB 02 2D 41 00 00 12 00 00 78 06 53 00 73 20 12 12 19 36 46 76 34 1F 64 D6 BD 22 64 00 00 14 B5 00 00 09 90 51 09 00 00 00 46 88 41 3A AA 
BB 02 2D 41 00 02 64 00 17 23 06 53 00 72 20 12 12 19 30 57 76 34 1F 64 D6 BD 22 64 00 00 1B 70 00 00 09 87 87 63 00 00 00 46 88 41 3A E5 
BB 02 2D 41 00 12 25 00 80 00 06 53 00 71 20 12 12 18 03 26 76 34 1F 64 D6 BD 22 64 00 00 23 28 00 00 09 75 62 00 00 00 00 46 88 41 3A 54 
BB 02 2D 41 00 03 06 00 20 00 06 53 00 70 20 12 12 17 47 18 76 34 1F 64 D6 BD 22 64 00 00 0B B8 00 00 09 72 56 00 00 00 00 46 88 41 3A 39 
BB 02 2D 41 00 02 02 00 13 22 06 53 00 6F 20 12 12 17 33 31 76 34 1F 64 D6 BD 22 64 00 00 09 12 00 00 09 70 54 00 00 00 00 46 88 41 3A C7 
BB 02 2D 41 00 00 12 00 00 78 06 53 00 6E 20 12 12 17 32 41 76 34 1F 64 D6 BD 22 64 00 00 09 60 00 00 09 70 42 00 00 00 00 46 88 41 3A 88 
BB 02 2D 41 00 01 59 00 10 38 06 53 00 6D 20 12 12 16 53 43 76 34 1F 64 D6 BD 22 64 00 12 5E CC 00 00 09 68 83 0D 56 4C 05 46 88 41 3A D1 
BB 02 2D 41 00 01 23 00 08 03 06 53 00 6C 20 12 12 16 50 35 76 34 1F 64 D6 BD 22 64 00 12 6C 29 00 00 09 67 60 09 00 00 00 46 88 41 3A DC 
BB 02 2D 41 00 01 80 00 11 75 06 53 00 6B 20 12 12 16 49 06 76 34 1F 64 D6 BD 22 64 00 12 70 C0 00 00 09 65 80 09 00 00 00 46 88 41 3A 2A 
BB 02 2D 41 00 02 69 00 17 56 06 53 00 6A 20 12 12 16 46 20 76 34 1F 64 D6 BD 22 64 00 12 87 17 00 00 09 63 11 00 00 00 00 46 88 41 3A 73 
BB 02 2D 41 00 01 76 00 11 49 06 53 00 69 20 12 12 16 41 33 76 34 1F 64 D6 BD 22 64 00 12 8B 94 00 00 09 61 35 00 00 00 00 46 88 41 3A C8 
BB 02 2D 41 00 01 81 00 11 81 06 53 00 68 20 12 12 16 38 59 76 34 1F 64 D6 BD 22 64 00 12 92 14 00 00 09 59 54 00 00 00 00 46 88 41 3A 25 
BB 02 2D 41 00 00 39 00 02 54 06 53 00 67 20 12 12 16 30 32 76 34 1F 64 D6 BD 22 64 00 12 92 14 00 00 09 59 15 00 00 00 00 46 88 41 3A 77 
BB 02 2D 41 00 01 65 00 10 77 06 53 00 66 20 12 12 15 45 06 76 34 1F 64 D6 BD 22 64 00 12 96 49 00 00 09 57 50 00 00 00 00 46 88 41 3A 4A 
BB 02 2D 41 00 01 60 00 10 44 06 53 00 65 20 12 12 15 11 11 76 34 1F 64 D6 BD 22 64 00 12 9A 5D 00 00 09 55 90 00 00 00 00 46 88 41 3A E6 
BB 02 2D 41 00 01 50 00 09 79 06 53 00 64 20 12 12 15 09 41 76 34 1F 64 D6 BD 22 64 00 12 9E 30 00 00 09 54 40 00 00 00 00 46 88 41 3A 03 
BB 02 2D 41 00 03 13 00 20 43 06 53 00 63 20 12 12 15 05 27 76 34 1F 64 D6 BD 22 64 00 12 B6 AB 00 00 09 51 27 00 00 00 00 46 88 41 3A ED 
BB 02 2D 41 00 00 35 00 02 28 06 53 00 62 20 12 12 15 00 35 76 34 1F 64 D6 BD 22 64 00 12 B7 8F 00 00 09 50 92 09 00 00 00 46 88 41 3A 0F 
BB 02 2D 41 00 00 62 00 04 04 06 53 00 61 20 12 12 14 58 56 76 34 1F 64 D6 BD 22 64 00 12 BC 25 00 00 09 50 30 09 00 00 00 46 88 41 3A 48 
BB 02 2D 41 00 01 18 00 07 70 06 53 00 60 20 12 12 14 58 25 76 34 1F 64 D6 BD 22 64 00 12 BC 25 00 00 09 49 12 09 00 00 00 46 88 41 3A 0D 
BB 02 2D 41 00 02 20 00 14 36 06 53 00 5F 20 12 12 14 23 46 76 34 1F 64 D6 BD 22 64 00 12 C1 C1 00 00 09 46 92 00 00 00 00 46 88 41 3A 5B 
BB 02 2D 41 00 01 06 00 06 92 06 53 00 5E 20 12 12 14 19 33 76 34 1F 64 D6 BD 22 64 00 12 C4 75 00 00 09 45 86 00 00 00 00 46 88 41 3A 20 
BB 02 2D 41 00 01 27 00 08 29 06 53 00 5D 20 12 12 14 08 19 76 34 1F 64 D6 BD 22 64 00 12 C7 B2 00 00 09 44 59 09 00 00 00 46 88 41 3A 9F 
BB 02 2D 41 00 01 78 00 11 62 06 53 00 5C 20 12 12 13 52 06 76 34 1F 64 D6 BD 22 64 00 12 C7 B2 00 00 09 42 81 00 00 00 00 46 88 41 3A 06 
BB 02 2D 41 00 17 18 01 12 18 06 53 00 5B 20 12 12 13 08 19 76 34 1F 64 D6 BD 22 64 00 13 04 EF 00 00 09 25 63 00 00 00 00 46 88 41 3A 50 
BB 02 2D 41 00 01 22 00 07 96 06 53 00 5A 20 12 12 11 22 27 76 34 1F 64 D6 BD 22 64 00 13 06 95 00 00 09 24 41 09 00 00 00 46 88 41 3A A3 
BB 02 2D 41 00 00 96 00 06 26 06 53 00 59 20 12 12 11 21 43 76 34 1F 64 D6 BD 22 64 00 13 06 95 00 00 09 23 45 09 00 00 00 46 88 41 3A C0 
BB 02 2D 41 00 02 20 00 14 36 06 53 00 58 20 12 12 11 02 12 76 34 1F 64 D6 BD 22 64 00 13 1D 06 00 00 09 21 25 00 00 00 00 46 88 41 3A E6 
BB 02 2D 41 00 06 60 00 43 09 06 53 00 57 20 12 12 10 59 56 76 34 1F 64 D6 BD 22 64 00 13 1D 06 00 00 09 14 65 00 00 00 00 46 88 41 3A AE 
BB 02 2D 41 00 15 65 01 02 19 06 53 00 56 20 12 12 10 53 32 76 34 1F 64 D6 BD 22 64 00 13 44 F1 00 00 08 99 00 00 00 00 00 46 88 41 3A C0 
BB 02 2D 41 00 00 13 00 00 84 06 53 00 55 20 12 12 10 51 59 76 34 1F 64 D6 BD 22 64 00 13 45 45 00 00 08 98 87 00 00 00 00 46 88 41 3A 64 
BB 02 2D 41 00 02 10 00 13 71 06 53 00 54 20 12 12 10 29 40 76 34 1F 64 D6 BD 22 64 00 13 66 03 00 00 08 96 77 08 00 00 00 46 88 41 3A 70 
BB 02 2D 41 00 01 14 00 07 44 06 53 00 53 20 12 12 10 28 38 76 34 1F 64 D6 BD 22 64 00 13 66 03 00 00 08 95 63 08 00 00 00 46 88 41 3A 3F 
BB 02 2D 41 00 00 12 00 00 78 06 53 00 52 20 12 12 10 25 33 76 34 1F 64 D6 BD 22 64 00 13 66 51 00 00 08 95 51 09 00 00 00 46 88 41 3A 65 
BB 02 2D 41 00 09 47 00 61 83 06 53 00 51 20 12 12 10 12 41 76 34 1F 64 D6 BD 22 64 00 13 66 51 00 00 08 86 04 00 00 00 00 46 88 41 3A AA 
BB 02 2D 41 00 00 13 00 00 84 06 53 00 50 20 12 12 10 11 48 76 34 1F 64 D6 BD 22 64 00 13 66 51 00 00 08 85 91 00 00 00 00 46 88 41 3A 0C 
BB 02 2D 41 00 14 07 00 91 87 06 53 00 4F 20 12 12 10 03 44 76 34 1F 64 D6 BD 22 64 00 13 8A 34 00 00 08 71 84 00 00 00 00 46 88 41 3A F7 
BB 02 2D 41 00 01 11 00 07 24 06 53 00 4E 20 12 07 00 36 33 76 34 1F 64 D6 BD 22 64 00 12 D5 3B 00 00 08 70 73 00 00 00 00 46 88 41 3A 20 
BB 02 2D 41 00 01 01 00 06 59 06 53 00 4D 20 12 07 00 36 06 76 34 1F 64 D6 BD 22 64 00 12 D5 3B 00 00 08 69 72 00 00 00 00 46 88 41 3A 62 
BB 02 2D 41 00 00 37 00 02 41 06 53 00 4C 20 12 07 00 32 49 76 34 1F 64 D6 BD 22 64 00 12 D9 E5 00 00 08 69 35 00 00 00 00 46 88 41 3A 96 
BB 02 2D 41 00 00 40 00 02 61 06 53 00 4B 20 12 07 00 26 13 76 34 1F 64 D6 BD 22 64 00 12 D9 E5 00 00 08 68 95 00 00 00 00 46 88 41 3A 29 
BB 02 2D 41 00 01 06 00 06 92 06 53 00 4A 20 12 07 00 25 30 76 34 1F 64 D6 BD 22 64 00 12 D9 E5 00 00 08 67 89 00 00 00 00 46 88 41 3A AB 
BB 02 2D 41 00 01 66 00 10 83 06 53 00 49 20 12 07 00 21 21 76 34 1F 64 D6 BD 22 64 00 12 D9 E5 00 00 08 66 23 00 00 00 00 46 88 41 3A 71 
BB 02 2D 41 00 01 88 00 12 27 06 53 00 48 20 12 07 00 20 06 76 34 1F 64 D6 BD 22 64 00 12 D9 E5 00 00 08 64 35 00 00 00 00 46 88 41 3A 0A 
BB 02 2D 41 00 01 72 00 11 23 06 53 00 47 20 12 07 00 16 30 76 34 1F 64 D6 BD 22 64 00 12 BE A4 00 00 08 62 63 00 00 00 00 46 88 41 3A 8E 
BB 02 2D 41 00 00 12 00 00 78 06 53 00 46 20 12 06 22 43 58 76 34 1F 64 D6 BD 22 64 00 0F 69 D2 00 00 08 62 51 00 00 00 00 46 88 41 3A 34 
BB 02 2D 41 00 03 53 00 23 05 06 53 00 45 20 12 06 22 42 17 76 34 1F 64 D6 BD 22 64 00 0F 72 D3 00 00 08 58 98 00 00 00 00 46 88 41 3A 8C 
BB 02 2D 41 00 01 00 00 06 53 06 53 00 44 20 12 06 21 46 48 76 34 1F 64 D6 BD 22 64 00 0F 2C 89 00 00 08 57 98 00 00 00 00 46 88 41 3A FC 
BB 02 2D 41 00 01 40 00 09 14 06 53 00 43 20 12 06 21 29 06 76 34 1F 64 D6 BD 22 64 00 0E BA 23 00 00 08 56 58 00 00 00 00 46 88 41 3A 2E 
BB 02 2D 41 00 02 83 00 18 47 06 53 00 42 20 12 06 21 28 15 76 34 1F 64 D6 BD 22 64 00 0E C1 5A 00 00 08 53 75 00 00 00 00 46 88 41 3A 95 
BB 02 2D 41 00 04 04 00 26 38 06 53 00 41 20 12 06 21 26 57 76 34 1F 64 D6 BD 22 64 00 0E C1 5A 00 00 08 49 71 00 00 00 00 46 88 41 3A 04 
BB 02 2D 41 00 03 54 00 23 11 06 53 00 40 20 12 06 19 02 38 76 34 1F 64 D6 BD 22 64 00 0E CA 61 00 00 08 46 17 00 00 00 00 46 88 41 3A 54 
BB 02 2D 41 00 04 77 00 31 14 06 53 00 3F 20 12 06 18 24 22 76 34 1F 64 D6 BD 22 64 00 0E E4 EC 00 00 08 41 40 00 00 00 00 46 88 41 3A D6 
BB 02 2D 41 00 03 83 00 25 00 06 53 00 3E 20 12 06 18 23 17 76 34 1F 64 D6 BD 22 64 00 0E E4 EC 00 00 08 37 57 00 00 00 00 46 88 41 3A 77 
BB 02 2D 41 00 00 96 00 06 26 06 53 00 3D 20 12 06 18 22 34 76 34 1F 64 D6 BD 22 64 00 0E E4 EC 00 00 08 36 61 00 00 00 00 46 88 41 3A 72 
BB 02 2D 41 00 00 85 00 05 55 06 53 00 3C 20 12 06 18 22 07 76 34 1F 64 D6 BD 22 64 00 0E E4 EC 00 00 08 35 76 00 00 00 00 46 88 41 3A 37 
BB 02 2D 41 00 00 76 00 04 96 06 53 00 3B 20 12 06 18 17 35 76 34 1F 64 D6 BD 22 64 00 0E E9 1A 00 00 08 35 00 00 00 00 00 46 88 41 3A 8B 
